Terminals unused in grammar

   STRING
   VOID
   CLASS
   PUBLIC
   STATIC
   EXTENDS
   MAIN
   FOR
   RETURN
   NIL
   LBRACKET
   RBRACKET
   EQU
   COMMA
   DOT
   AMPERSAND
   ERROR


State 10 conflicts: 4 shift/reduce
State 17 conflicts: 6 shift/reduce
State 18 conflicts: 4 shift/reduce
State 35 conflicts: 1 shift/reduce
State 36 conflicts: 9 shift/reduce
State 52 conflicts: 1 shift/reduce
State 53 conflicts: 1 shift/reduce
State 54 conflicts: 1 shift/reduce
State 55 conflicts: 1 shift/reduce
State 56 conflicts: 9 shift/reduce
State 57 conflicts: 1 shift/reduce
State 58 conflicts: 1 shift/reduce
State 59 conflicts: 1 shift/reduce
State 60 conflicts: 1 shift/reduce
State 65 conflicts: 4 shift/reduce


Grammar

    0 $accept: Program $end

    1 Program: Tmp

    2 Tmp: Tmp Tmp
    3    | VarDeclaration
    4    | Statement

    5 VarDeclaration: Type Identifier SEMI

    6 Statement: Statement Statement
    7          | IF LPAREN Expression RPAREN Statement ELSE Statement
    8          | WHILE LPAREN Expression RPAREN LBRACE Statement RBRACE
    9          | PRINT LPAREN Identifier RPAREN SEMI
   10          | Identifier ASSIGN Expression SEMI

   11 Type: INT
   12     | BOOL

   13 Expression: Expression AND Expression
   14           | Expression OR Expression
   15           | Expression LESS Expression
   16           | Expression GREATER Expression
   17           | Expression ADD Expression
   18           | Expression SUB Expression
   19           | Expression MUL Expression
   20           | Expression DIV Expression
   21           | Expression MOD Expression
   22           | NUM
   23           | TRUE
   24           | FALSE
   25           | THIS
   26           | Identifier
   27           | NOT Expression
   28           | LPAREN Expression RPAREN
   29           | SUB Expression

   30 Identifier: ID


Terminals, with rules where they appear

$end (0) 0
error (256)
NUM (258) 22
ID (259) 30
STRING (260)
VOID (261)
INT (262) 11
BOOL (263) 12
CLASS (264)
PUBLIC (265)
STATIC (266)
EXTENDS (267)
THIS (268) 25
MAIN (269)
IF (270) 7
ELSE (271) 7
WHILE (272) 8
FOR (273)
RETURN (274)
NIL (275)
LPAREN (276) 7 8 9 28
RPAREN (277) 7 8 9 28
LBRACE (278) 8
RBRACE (279) 8
LBRACKET (280)
RBRACKET (281)
ASSIGN (282) 10
EQU (283)
ADD (284) 17
SUB (285) 18 29
MUL (286) 19
DIV (287) 20
MOD (288) 21
LESS (289) 15
GREATER (290) 16
TRUE (291) 23
FALSE (292) 24
AND (293) 13
OR (294) 14
NOT (295) 27
COMMA (296)
DOT (297)
SEMI (298) 5 9 10
AMPERSAND (299)
PRINT (300) 9
ERROR (301)


Nonterminals, with rules where they appear

$accept (47)
    on left: 0
Program (48)
    on left: 1, on right: 0
Tmp (49)
    on left: 2 3 4, on right: 1 2
VarDeclaration (50)
    on left: 5, on right: 3
Statement (51)
    on left: 6 7 8 9 10, on right: 4 6 7 8
Type (52)
    on left: 11 12, on right: 5
Expression (53)
    on left: 13 14 15 16 17 18 19 20 21 22 23 24 25 26 27 28 29, on right:
    7 8 10 13 14 15 16 17 18 19 20 21 27 28 29
Identifier (54)
    on left: 30, on right: 5 9 10 26


State 0

    0 $accept: . Program $end

    ID     shift, and go to state 1
    INT    shift, and go to state 2
    BOOL   shift, and go to state 3
    IF     shift, and go to state 4
    WHILE  shift, and go to state 5
    PRINT  shift, and go to state 6

    Program         go to state 7
    Tmp             go to state 8
    VarDeclaration  go to state 9
    Statement       go to state 10
    Type            go to state 11
    Identifier      go to state 12


State 1

   30 Identifier: ID .

    $default  reduce using rule 30 (Identifier)


State 2

   11 Type: INT .

    $default  reduce using rule 11 (Type)


State 3

   12 Type: BOOL .

    $default  reduce using rule 12 (Type)


State 4

    7 Statement: IF . LPAREN Expression RPAREN Statement ELSE Statement

    LPAREN  shift, and go to state 13


State 5

    8 Statement: WHILE . LPAREN Expression RPAREN LBRACE Statement RBRACE

    LPAREN  shift, and go to state 14


State 6

    9 Statement: PRINT . LPAREN Identifier RPAREN SEMI

    LPAREN  shift, and go to state 15


State 7

    0 $accept: Program . $end

    $end  shift, and go to state 16


State 8

    1 Program: Tmp .
    2 Tmp: Tmp . Tmp

    ID     shift, and go to state 1
    INT    shift, and go to state 2
    BOOL   shift, and go to state 3
    IF     shift, and go to state 4
    WHILE  shift, and go to state 5
    PRINT  shift, and go to state 6

    $default  reduce using rule 1 (Program)

    Tmp             go to state 17
    VarDeclaration  go to state 9
    Statement       go to state 10
    Type            go to state 11
    Identifier      go to state 12


State 9

    3 Tmp: VarDeclaration .

    $default  reduce using rule 3 (Tmp)


State 10

    4 Tmp: Statement .
    6 Statement: Statement . Statement

    ID     shift, and go to state 1
    IF     shift, and go to state 4
    WHILE  shift, and go to state 5
    PRINT  shift, and go to state 6

    ID        [reduce using rule 4 (Tmp)]
    IF        [reduce using rule 4 (Tmp)]
    WHILE     [reduce using rule 4 (Tmp)]
    PRINT     [reduce using rule 4 (Tmp)]
    $default  reduce using rule 4 (Tmp)

    Statement   go to state 18
    Identifier  go to state 12


State 11

    5 VarDeclaration: Type . Identifier SEMI

    ID  shift, and go to state 1

    Identifier  go to state 19


State 12

   10 Statement: Identifier . ASSIGN Expression SEMI

    ASSIGN  shift, and go to state 20


State 13

    7 Statement: IF LPAREN . Expression RPAREN Statement ELSE Statement

    NUM     shift, and go to state 21
    ID      shift, and go to state 1
    THIS    shift, and go to state 22
    LPAREN  shift, and go to state 23
    SUB     shift, and go to state 24
    TRUE    shift, and go to state 25
    FALSE   shift, and go to state 26
    NOT     shift, and go to state 27

    Expression  go to state 28
    Identifier  go to state 29


State 14

    8 Statement: WHILE LPAREN . Expression RPAREN LBRACE Statement RBRACE

    NUM     shift, and go to state 21
    ID      shift, and go to state 1
    THIS    shift, and go to state 22
    LPAREN  shift, and go to state 23
    SUB     shift, and go to state 24
    TRUE    shift, and go to state 25
    FALSE   shift, and go to state 26
    NOT     shift, and go to state 27

    Expression  go to state 30
    Identifier  go to state 29


State 15

    9 Statement: PRINT LPAREN . Identifier RPAREN SEMI

    ID  shift, and go to state 1

    Identifier  go to state 31


State 16

    0 $accept: Program $end .

    $default  accept


State 17

    2 Tmp: Tmp . Tmp
    2    | Tmp Tmp .

    ID     shift, and go to state 1
    INT    shift, and go to state 2
    BOOL   shift, and go to state 3
    IF     shift, and go to state 4
    WHILE  shift, and go to state 5
    PRINT  shift, and go to state 6

    ID        [reduce using rule 2 (Tmp)]
    INT       [reduce using rule 2 (Tmp)]
    BOOL      [reduce using rule 2 (Tmp)]
    IF        [reduce using rule 2 (Tmp)]
    WHILE     [reduce using rule 2 (Tmp)]
    PRINT     [reduce using rule 2 (Tmp)]
    $default  reduce using rule 2 (Tmp)

    Tmp             go to state 17
    VarDeclaration  go to state 9
    Statement       go to state 10
    Type            go to state 11
    Identifier      go to state 12


State 18

    6 Statement: Statement . Statement
    6          | Statement Statement .

    ID     shift, and go to state 1
    IF     shift, and go to state 4
    WHILE  shift, and go to state 5
    PRINT  shift, and go to state 6

    ID        [reduce using rule 6 (Statement)]
    IF        [reduce using rule 6 (Statement)]
    WHILE     [reduce using rule 6 (Statement)]
    PRINT     [reduce using rule 6 (Statement)]
    $default  reduce using rule 6 (Statement)

    Statement   go to state 18
    Identifier  go to state 12


State 19

    5 VarDeclaration: Type Identifier . SEMI

    SEMI  shift, and go to state 32


State 20

   10 Statement: Identifier ASSIGN . Expression SEMI

    NUM     shift, and go to state 21
    ID      shift, and go to state 1
    THIS    shift, and go to state 22
    LPAREN  shift, and go to state 23
    SUB     shift, and go to state 24
    TRUE    shift, and go to state 25
    FALSE   shift, and go to state 26
    NOT     shift, and go to state 27

    Expression  go to state 33
    Identifier  go to state 29


State 21

   22 Expression: NUM .

    $default  reduce using rule 22 (Expression)


State 22

   25 Expression: THIS .

    $default  reduce using rule 25 (Expression)


State 23

   28 Expression: LPAREN . Expression RPAREN

    NUM     shift, and go to state 21
    ID      shift, and go to state 1
    THIS    shift, and go to state 22
    LPAREN  shift, and go to state 23
    SUB     shift, and go to state 24
    TRUE    shift, and go to state 25
    FALSE   shift, and go to state 26
    NOT     shift, and go to state 27

    Expression  go to state 34
    Identifier  go to state 29


State 24

   29 Expression: SUB . Expression

    NUM     shift, and go to state 21
    ID      shift, and go to state 1
    THIS    shift, and go to state 22
    LPAREN  shift, and go to state 23
    SUB     shift, and go to state 24
    TRUE    shift, and go to state 25
    FALSE   shift, and go to state 26
    NOT     shift, and go to state 27

    Expression  go to state 35
    Identifier  go to state 29


State 25

   23 Expression: TRUE .

    $default  reduce using rule 23 (Expression)


State 26

   24 Expression: FALSE .

    $default  reduce using rule 24 (Expression)


State 27

   27 Expression: NOT . Expression

    NUM     shift, and go to state 21
    ID      shift, and go to state 1
    THIS    shift, and go to state 22
    LPAREN  shift, and go to state 23
    SUB     shift, and go to state 24
    TRUE    shift, and go to state 25
    FALSE   shift, and go to state 26
    NOT     shift, and go to state 27

    Expression  go to state 36
    Identifier  go to state 29


State 28

    7 Statement: IF LPAREN Expression . RPAREN Statement ELSE Statement
   13 Expression: Expression . AND Expression
   14           | Expression . OR Expression
   15           | Expression . LESS Expression
   16           | Expression . GREATER Expression
   17           | Expression . ADD Expression
   18           | Expression . SUB Expression
   19           | Expression . MUL Expression
   20           | Expression . DIV Expression
   21           | Expression . MOD Expression

    RPAREN   shift, and go to state 37
    ADD      shift, and go to state 38
    SUB      shift, and go to state 39
    MUL      shift, and go to state 40
    DIV      shift, and go to state 41
    MOD      shift, and go to state 42
    LESS     shift, and go to state 43
    GREATER  shift, and go to state 44
    AND      shift, and go to state 45
    OR       shift, and go to state 46


State 29

   26 Expression: Identifier .

    $default  reduce using rule 26 (Expression)


State 30

    8 Statement: WHILE LPAREN Expression . RPAREN LBRACE Statement RBRACE
   13 Expression: Expression . AND Expression
   14           | Expression . OR Expression
   15           | Expression . LESS Expression
   16           | Expression . GREATER Expression
   17           | Expression . ADD Expression
   18           | Expression . SUB Expression
   19           | Expression . MUL Expression
   20           | Expression . DIV Expression
   21           | Expression . MOD Expression

    RPAREN   shift, and go to state 47
    ADD      shift, and go to state 38
    SUB      shift, and go to state 39
    MUL      shift, and go to state 40
    DIV      shift, and go to state 41
    MOD      shift, and go to state 42
    LESS     shift, and go to state 43
    GREATER  shift, and go to state 44
    AND      shift, and go to state 45
    OR       shift, and go to state 46


State 31

    9 Statement: PRINT LPAREN Identifier . RPAREN SEMI

    RPAREN  shift, and go to state 48


State 32

    5 VarDeclaration: Type Identifier SEMI .

    $default  reduce using rule 5 (VarDeclaration)


State 33

   10 Statement: Identifier ASSIGN Expression . SEMI
   13 Expression: Expression . AND Expression
   14           | Expression . OR Expression
   15           | Expression . LESS Expression
   16           | Expression . GREATER Expression
   17           | Expression . ADD Expression
   18           | Expression . SUB Expression
   19           | Expression . MUL Expression
   20           | Expression . DIV Expression
   21           | Expression . MOD Expression

    ADD      shift, and go to state 38
    SUB      shift, and go to state 39
    MUL      shift, and go to state 40
    DIV      shift, and go to state 41
    MOD      shift, and go to state 42
    LESS     shift, and go to state 43
    GREATER  shift, and go to state 44
    AND      shift, and go to state 45
    OR       shift, and go to state 46
    SEMI     shift, and go to state 49


State 34

   13 Expression: Expression . AND Expression
   14           | Expression . OR Expression
   15           | Expression . LESS Expression
   16           | Expression . GREATER Expression
   17           | Expression . ADD Expression
   18           | Expression . SUB Expression
   19           | Expression . MUL Expression
   20           | Expression . DIV Expression
   21           | Expression . MOD Expression
   28           | LPAREN Expression . RPAREN

    RPAREN   shift, and go to state 50
    ADD      shift, and go to state 38
    SUB      shift, and go to state 39
    MUL      shift, and go to state 40
    DIV      shift, and go to state 41
    MOD      shift, and go to state 42
    LESS     shift, and go to state 43
    GREATER  shift, and go to state 44
    AND      shift, and go to state 45
    OR       shift, and go to state 46


State 35

   13 Expression: Expression . AND Expression
   14           | Expression . OR Expression
   15           | Expression . LESS Expression
   16           | Expression . GREATER Expression
   17           | Expression . ADD Expression
   18           | Expression . SUB Expression
   19           | Expression . MUL Expression
   20           | Expression . DIV Expression
   21           | Expression . MOD Expression
   29           | SUB Expression .

    MUL  shift, and go to state 40
    DIV  shift, and go to state 41
    MOD  shift, and go to state 42

    MOD       [reduce using rule 29 (Expression)]
    $default  reduce using rule 29 (Expression)


State 36

   13 Expression: Expression . AND Expression
   14           | Expression . OR Expression
   15           | Expression . LESS Expression
   16           | Expression . GREATER Expression
   17           | Expression . ADD Expression
   18           | Expression . SUB Expression
   19           | Expression . MUL Expression
   20           | Expression . DIV Expression
   21           | Expression . MOD Expression
   27           | NOT Expression .

    ADD      shift, and go to state 38
    SUB      shift, and go to state 39
    MUL      shift, and go to state 40
    DIV      shift, and go to state 41
    MOD      shift, and go to state 42
    LESS     shift, and go to state 43
    GREATER  shift, and go to state 44
    AND      shift, and go to state 45
    OR       shift, and go to state 46

    ADD       [reduce using rule 27 (Expression)]
    SUB       [reduce using rule 27 (Expression)]
    MUL       [reduce using rule 27 (Expression)]
    DIV       [reduce using rule 27 (Expression)]
    MOD       [reduce using rule 27 (Expression)]
    LESS      [reduce using rule 27 (Expression)]
    GREATER   [reduce using rule 27 (Expression)]
    AND       [reduce using rule 27 (Expression)]
    OR        [reduce using rule 27 (Expression)]
    $default  reduce using rule 27 (Expression)


State 37

    7 Statement: IF LPAREN Expression RPAREN . Statement ELSE Statement

    ID     shift, and go to state 1
    IF     shift, and go to state 4
    WHILE  shift, and go to state 5
    PRINT  shift, and go to state 6

    Statement   go to state 51
    Identifier  go to state 12


State 38

   17 Expression: Expression ADD . Expression

    NUM     shift, and go to state 21
    ID      shift, and go to state 1
    THIS    shift, and go to state 22
    LPAREN  shift, and go to state 23
    SUB     shift, and go to state 24
    TRUE    shift, and go to state 25
    FALSE   shift, and go to state 26
    NOT     shift, and go to state 27

    Expression  go to state 52
    Identifier  go to state 29


State 39

   18 Expression: Expression SUB . Expression

    NUM     shift, and go to state 21
    ID      shift, and go to state 1
    THIS    shift, and go to state 22
    LPAREN  shift, and go to state 23
    SUB     shift, and go to state 24
    TRUE    shift, and go to state 25
    FALSE   shift, and go to state 26
    NOT     shift, and go to state 27

    Expression  go to state 53
    Identifier  go to state 29


State 40

   19 Expression: Expression MUL . Expression

    NUM     shift, and go to state 21
    ID      shift, and go to state 1
    THIS    shift, and go to state 22
    LPAREN  shift, and go to state 23
    SUB     shift, and go to state 24
    TRUE    shift, and go to state 25
    FALSE   shift, and go to state 26
    NOT     shift, and go to state 27

    Expression  go to state 54
    Identifier  go to state 29


State 41

   20 Expression: Expression DIV . Expression

    NUM     shift, and go to state 21
    ID      shift, and go to state 1
    THIS    shift, and go to state 22
    LPAREN  shift, and go to state 23
    SUB     shift, and go to state 24
    TRUE    shift, and go to state 25
    FALSE   shift, and go to state 26
    NOT     shift, and go to state 27

    Expression  go to state 55
    Identifier  go to state 29


State 42

   21 Expression: Expression MOD . Expression

    NUM     shift, and go to state 21
    ID      shift, and go to state 1
    THIS    shift, and go to state 22
    LPAREN  shift, and go to state 23
    SUB     shift, and go to state 24
    TRUE    shift, and go to state 25
    FALSE   shift, and go to state 26
    NOT     shift, and go to state 27

    Expression  go to state 56
    Identifier  go to state 29


State 43

   15 Expression: Expression LESS . Expression

    NUM     shift, and go to state 21
    ID      shift, and go to state 1
    THIS    shift, and go to state 22
    LPAREN  shift, and go to state 23
    SUB     shift, and go to state 24
    TRUE    shift, and go to state 25
    FALSE   shift, and go to state 26
    NOT     shift, and go to state 27

    Expression  go to state 57
    Identifier  go to state 29


State 44

   16 Expression: Expression GREATER . Expression

    NUM     shift, and go to state 21
    ID      shift, and go to state 1
    THIS    shift, and go to state 22
    LPAREN  shift, and go to state 23
    SUB     shift, and go to state 24
    TRUE    shift, and go to state 25
    FALSE   shift, and go to state 26
    NOT     shift, and go to state 27

    Expression  go to state 58
    Identifier  go to state 29


State 45

   13 Expression: Expression AND . Expression

    NUM     shift, and go to state 21
    ID      shift, and go to state 1
    THIS    shift, and go to state 22
    LPAREN  shift, and go to state 23
    SUB     shift, and go to state 24
    TRUE    shift, and go to state 25
    FALSE   shift, and go to state 26
    NOT     shift, and go to state 27

    Expression  go to state 59
    Identifier  go to state 29


State 46

   14 Expression: Expression OR . Expression

    NUM     shift, and go to state 21
    ID      shift, and go to state 1
    THIS    shift, and go to state 22
    LPAREN  shift, and go to state 23
    SUB     shift, and go to state 24
    TRUE    shift, and go to state 25
    FALSE   shift, and go to state 26
    NOT     shift, and go to state 27

    Expression  go to state 60
    Identifier  go to state 29


State 47

    8 Statement: WHILE LPAREN Expression RPAREN . LBRACE Statement RBRACE

    LBRACE  shift, and go to state 61


State 48

    9 Statement: PRINT LPAREN Identifier RPAREN . SEMI

    SEMI  shift, and go to state 62


State 49

   10 Statement: Identifier ASSIGN Expression SEMI .

    $default  reduce using rule 10 (Statement)


State 50

   28 Expression: LPAREN Expression RPAREN .

    $default  reduce using rule 28 (Expression)


State 51

    6 Statement: Statement . Statement
    7          | IF LPAREN Expression RPAREN Statement . ELSE Statement

    ID     shift, and go to state 1
    IF     shift, and go to state 4
    ELSE   shift, and go to state 63
    WHILE  shift, and go to state 5
    PRINT  shift, and go to state 6

    Statement   go to state 18
    Identifier  go to state 12


State 52

   13 Expression: Expression . AND Expression
   14           | Expression . OR Expression
   15           | Expression . LESS Expression
   16           | Expression . GREATER Expression
   17           | Expression . ADD Expression
   17           | Expression ADD Expression .
   18           | Expression . SUB Expression
   19           | Expression . MUL Expression
   20           | Expression . DIV Expression
   21           | Expression . MOD Expression

    MUL  shift, and go to state 40
    DIV  shift, and go to state 41
    MOD  shift, and go to state 42

    MOD       [reduce using rule 17 (Expression)]
    $default  reduce using rule 17 (Expression)


State 53

   13 Expression: Expression . AND Expression
   14           | Expression . OR Expression
   15           | Expression . LESS Expression
   16           | Expression . GREATER Expression
   17           | Expression . ADD Expression
   18           | Expression . SUB Expression
   18           | Expression SUB Expression .
   19           | Expression . MUL Expression
   20           | Expression . DIV Expression
   21           | Expression . MOD Expression

    MUL  shift, and go to state 40
    DIV  shift, and go to state 41
    MOD  shift, and go to state 42

    MOD       [reduce using rule 18 (Expression)]
    $default  reduce using rule 18 (Expression)


State 54

   13 Expression: Expression . AND Expression
   14           | Expression . OR Expression
   15           | Expression . LESS Expression
   16           | Expression . GREATER Expression
   17           | Expression . ADD Expression
   18           | Expression . SUB Expression
   19           | Expression . MUL Expression
   19           | Expression MUL Expression .
   20           | Expression . DIV Expression
   21           | Expression . MOD Expression

    MOD  shift, and go to state 42

    MOD       [reduce using rule 19 (Expression)]
    $default  reduce using rule 19 (Expression)


State 55

   13 Expression: Expression . AND Expression
   14           | Expression . OR Expression
   15           | Expression . LESS Expression
   16           | Expression . GREATER Expression
   17           | Expression . ADD Expression
   18           | Expression . SUB Expression
   19           | Expression . MUL Expression
   20           | Expression . DIV Expression
   20           | Expression DIV Expression .
   21           | Expression . MOD Expression

    MOD  shift, and go to state 42

    MOD       [reduce using rule 20 (Expression)]
    $default  reduce using rule 20 (Expression)


State 56

   13 Expression: Expression . AND Expression
   14           | Expression . OR Expression
   15           | Expression . LESS Expression
   16           | Expression . GREATER Expression
   17           | Expression . ADD Expression
   18           | Expression . SUB Expression
   19           | Expression . MUL Expression
   20           | Expression . DIV Expression
   21           | Expression . MOD Expression
   21           | Expression MOD Expression .

    ADD      shift, and go to state 38
    SUB      shift, and go to state 39
    MUL      shift, and go to state 40
    DIV      shift, and go to state 41
    MOD      shift, and go to state 42
    LESS     shift, and go to state 43
    GREATER  shift, and go to state 44
    AND      shift, and go to state 45
    OR       shift, and go to state 46

    ADD       [reduce using rule 21 (Expression)]
    SUB       [reduce using rule 21 (Expression)]
    MUL       [reduce using rule 21 (Expression)]
    DIV       [reduce using rule 21 (Expression)]
    MOD       [reduce using rule 21 (Expression)]
    LESS      [reduce using rule 21 (Expression)]
    GREATER   [reduce using rule 21 (Expression)]
    AND       [reduce using rule 21 (Expression)]
    OR        [reduce using rule 21 (Expression)]
    $default  reduce using rule 21 (Expression)


State 57

   13 Expression: Expression . AND Expression
   14           | Expression . OR Expression
   15           | Expression . LESS Expression
   15           | Expression LESS Expression .
   16           | Expression . GREATER Expression
   17           | Expression . ADD Expression
   18           | Expression . SUB Expression
   19           | Expression . MUL Expression
   20           | Expression . DIV Expression
   21           | Expression . MOD Expression

    ADD  shift, and go to state 38
    SUB  shift, and go to state 39
    MUL  shift, and go to state 40
    DIV  shift, and go to state 41
    MOD  shift, and go to state 42

    MOD       [reduce using rule 15 (Expression)]
    $default  reduce using rule 15 (Expression)


State 58

   13 Expression: Expression . AND Expression
   14           | Expression . OR Expression
   15           | Expression . LESS Expression
   16           | Expression . GREATER Expression
   16           | Expression GREATER Expression .
   17           | Expression . ADD Expression
   18           | Expression . SUB Expression
   19           | Expression . MUL Expression
   20           | Expression . DIV Expression
   21           | Expression . MOD Expression

    ADD  shift, and go to state 38
    SUB  shift, and go to state 39
    MUL  shift, and go to state 40
    DIV  shift, and go to state 41
    MOD  shift, and go to state 42

    MOD       [reduce using rule 16 (Expression)]
    $default  reduce using rule 16 (Expression)


State 59

   13 Expression: Expression . AND Expression
   13           | Expression AND Expression .
   14           | Expression . OR Expression
   15           | Expression . LESS Expression
   16           | Expression . GREATER Expression
   17           | Expression . ADD Expression
   18           | Expression . SUB Expression
   19           | Expression . MUL Expression
   20           | Expression . DIV Expression
   21           | Expression . MOD Expression

    ADD      shift, and go to state 38
    SUB      shift, and go to state 39
    MUL      shift, and go to state 40
    DIV      shift, and go to state 41
    MOD      shift, and go to state 42
    LESS     shift, and go to state 43
    GREATER  shift, and go to state 44

    MOD       [reduce using rule 13 (Expression)]
    $default  reduce using rule 13 (Expression)


State 60

   13 Expression: Expression . AND Expression
   14           | Expression . OR Expression
   14           | Expression OR Expression .
   15           | Expression . LESS Expression
   16           | Expression . GREATER Expression
   17           | Expression . ADD Expression
   18           | Expression . SUB Expression
   19           | Expression . MUL Expression
   20           | Expression . DIV Expression
   21           | Expression . MOD Expression

    ADD      shift, and go to state 38
    SUB      shift, and go to state 39
    MUL      shift, and go to state 40
    DIV      shift, and go to state 41
    MOD      shift, and go to state 42
    LESS     shift, and go to state 43
    GREATER  shift, and go to state 44

    MOD       [reduce using rule 14 (Expression)]
    $default  reduce using rule 14 (Expression)


State 61

    8 Statement: WHILE LPAREN Expression RPAREN LBRACE . Statement RBRACE

    ID     shift, and go to state 1
    IF     shift, and go to state 4
    WHILE  shift, and go to state 5
    PRINT  shift, and go to state 6

    Statement   go to state 64
    Identifier  go to state 12


State 62

    9 Statement: PRINT LPAREN Identifier RPAREN SEMI .

    $default  reduce using rule 9 (Statement)


State 63

    7 Statement: IF LPAREN Expression RPAREN Statement ELSE . Statement

    ID     shift, and go to state 1
    IF     shift, and go to state 4
    WHILE  shift, and go to state 5
    PRINT  shift, and go to state 6

    Statement   go to state 65
    Identifier  go to state 12


State 64

    6 Statement: Statement . Statement
    8          | WHILE LPAREN Expression RPAREN LBRACE Statement . RBRACE

    ID      shift, and go to state 1
    IF      shift, and go to state 4
    WHILE   shift, and go to state 5
    RBRACE  shift, and go to state 66
    PRINT   shift, and go to state 6

    Statement   go to state 18
    Identifier  go to state 12


State 65

    6 Statement: Statement . Statement
    7          | IF LPAREN Expression RPAREN Statement ELSE Statement .

    ID     shift, and go to state 1
    IF     shift, and go to state 4
    WHILE  shift, and go to state 5
    PRINT  shift, and go to state 6

    ID        [reduce using rule 7 (Statement)]
    IF        [reduce using rule 7 (Statement)]
    WHILE     [reduce using rule 7 (Statement)]
    PRINT     [reduce using rule 7 (Statement)]
    $default  reduce using rule 7 (Statement)

    Statement   go to state 18
    Identifier  go to state 12


State 66

    8 Statement: WHILE LPAREN Expression RPAREN LBRACE Statement RBRACE .

    $default  reduce using rule 8 (Statement)
